2025-03-19
https://www.despegar.com.co/vuelos/
Origin: Manizales, Caldas, Colombia
Destination: Armenia, Quindío, Colombia
ERROR FATAL
2025-03-19
https://www.despegar.com.co/vuelos/
Origin: Manizales, Caldas, Colombia
Destination: Armenia, Quindío, Colombia
ERROR FATAL
2025-03-19
https://www.despegar.com.co/vuelos/
Origin: Manizales, Caldas, Colombia
Destination: Armenia, Quindío, Colombia
ERROR FATAL
2025-03-19
https://www.despegar.com.co/vuelos/
Origin: Manizales, Caldas, Colombia
Destination: Armenia, Quindío, Colombia
ERROR FATAL
2025-03-19
https://www.despegar.com.co/vuelos/
Origin: Manizales, Caldas, Colombia
Destination: Armenia, Quindío, Colombia
ERROR FATAL
2025-03-19
https://www.despegar.com.co/vuelos/
Origin: Manizales, Caldas, Colombia
Destination: Armenia, Quindío, Colombia
ERROR FATAL
2025-03-19
https://www.despegar.com.co/vuelos/
Origin: Manizales, Caldas, Colombia
Destination: Armenia, Quindío, Colombia
ERROR FATAL
